[ 2016-05-31T00:05:34+08:00 ] ::1 /tpshop/Public/upload/Uploads/2016-04-18/5714d03b766e8.jpg
INFO: [ app_init ] --START--
INFO: Run Behavior\BuildLiteBehavior [ RunTime:0.001000s ]
INFO: [ app_init ] --END-- [ RunTime:0.005000s ]

[ 2016-05-31T00:05:34+08:00 ] ::1 /tpshop/Public/upload//Public/images/200905/thumb_img/19_thumb_G_1241970175208.jpg
INFO: [ app_init ] --START--
INFO: Run Behavior\BuildLiteBehavior [ RunTime:0.001000s ]
INFO: [ app_init ] --END-- [ RunTime:0.004000s ]

[ 2016-05-31T00:05:34+08:00 ] ::1 /tpshop/Public/upload//Public/images/200905/thumb_img/20_thumb_G_1242106490058.jpg
INFO: [ app_init ] --START--
INFO: Run Behavior\BuildLiteBehavior [ RunTime:0.000000s ]
INFO: [ app_init ] --END-- [ RunTime:0.002000s ]

[ 2016-05-31T00:05:34+08:00 ] ::1 /tpshop/Public/upload//Public/images/200905/thumb_img/12_thumb_G_1241965978410.jpg
INFO: [ app_init ] --START--
INFO: Run Behavior\BuildLiteBehavior [ RunTime:0.001000s ]
INFO: [ app_init ] --END-- [ RunTime:0.003000s ]

[ 2016-05-31T00:05:34+08:00 ] ::1 /tpshop/Public/upload/Public/images/200905/thumb_img/13_thumb_G_1241968002527.jpg
INFO: [ app_init ] --START--
INFO: Run Behavior\BuildLiteBehavior [ RunTime:0.000000s ]
INFO: [ app_init ] --END-- [ RunTime:0.001000s ]

[ 2016-05-31T00:05:34+08:00 ] ::1 /tpshop/Public/upload/Public/Home/images/200905/thumb_img/10_thumb_G_1242973436403.jpg
INFO: [ app_init ] --START--
INFO: Run Behavior\BuildLiteBehavior [ RunTime:0.000000s ]
INFO: [ app_init ] --END-- [ RunTime:0.002000s ]

[ 2016-05-31T00:05:34+08:00 ] ::1 /tpshop/Public/Home/images/basetb.jpg
INFO: [ app_init ] --START--
INFO: Run Behavior\BuildLiteBehavior [ RunTime:0.000000s ]
INFO: [ app_init ] --END-- [ RunTime:0.002000s ]

[ 2016-05-31T00:08:01+08:00 ] 127.0.0.1 /Public/upload/Uploads/thumb/5714d03b766e8.jpg
INFO: [ app_init ] --START--
INFO: Run Behavior\BuildLiteBehavior [ RunTime:0.000000s ]
INFO: [ app_init ] --END-- [ RunTime:0.001000s ]

[ 2016-05-31T00:08:01+08:00 ] 127.0.0.1 /Public/upload/Public/images/200905/thumb_img/13_thumb_G_1241968002527.jpg
INFO: [ app_init ] --START--
INFO: Run Behavior\BuildLiteBehavior [ RunTime:0.000000s ]
INFO: [ app_init ] --END-- [ RunTime:0.003000s ]

[ 2016-05-31T00:08:01+08:00 ] 127.0.0.1 /Public/upload/Uploads/2016-04-18/5714d03b766e8.jpg
INFO: [ app_init ] --START--
INFO: Run Behavior\BuildLiteBehavior [ RunTime:0.000000s ]
INFO: [ app_init ] --END-- [ RunTime:0.003000s ]

[ 2016-05-31T00:08:01+08:00 ] 127.0.0.1 /Public/upload//Public/images/200905/thumb_img/20_thumb_G_1242106490058.jpg
INFO: [ app_init ] --START--
INFO: Run Behavior\BuildLiteBehavior [ RunTime:0.000000s ]
INFO: [ app_init ] --END-- [ RunTime:0.001000s ]

[ 2016-05-31T00:08:01+08:00 ] 127.0.0.1 /Public/upload//Public/images/200905/thumb_img/19_thumb_G_1241970175208.jpg
INFO: [ app_init ] --START--
INFO: Run Behavior\BuildLiteBehavior [ RunTime:0.000000s ]
INFO: [ app_init ] --END-- [ RunTime:0.003000s ]

[ 2016-05-31T00:08:01+08:00 ] 127.0.0.1 /Public/upload//Public/images/200905/thumb_img/12_thumb_G_1241965978410.jpg
INFO: [ app_init ] --START--
INFO: Run Behavior\BuildLiteBehavior [ RunTime:0.000000s ]
INFO: [ app_init ] --END-- [ RunTime:0.001000s ]

[ 2016-05-31T00:08:01+08:00 ] 127.0.0.1 /Public/upload/Public/Home/images/200905/thumb_img/10_thumb_G_1242973436403.jpg
INFO: [ app_init ] --START--
INFO: Run Behavior\BuildLiteBehavior [ RunTime:0.000000s ]
INFO: [ app_init ] --END-- [ RunTime:0.001000s ]

[ 2016-05-31T00:08:01+08:00 ] 127.0.0.1 /Public/Home/images/basetb.jpg
INFO: [ app_init ] --START--
INFO: Run Behavior\BuildLiteBehavior [ RunTime:0.000000s ]
INFO: [ app_init ] --END-- [ RunTime:0.002000s ]

[ 2016-05-31T00:08:10+08:00 ] 127.0.0.1 /Public/upload//Public/images/200905/goods_img/1_G_1240902890755.jpg
INFO: [ app_init ] --START--
INFO: Run Behavior\BuildLiteBehavior [ RunTime:0.000000s ]
INFO: [ app_init ] --END-- [ RunTime:0.001000s ]

[ 2016-05-31T00:08:10+08:00 ] 127.0.0.1 /Public/Home/images/detail_r.gif
INFO: [ app_init ] --START--
INFO: Run Behavior\BuildLiteBehavior [ RunTime:0.000000s ]
INFO: [ app_init ] --END-- [ RunTime:0.001000s ]

[ 2016-05-31T00:08:10+08:00 ] 127.0.0.1 /Public/upload//Public/images/200905/goods_img/1_G_1240902890755.jpg
INFO: [ app_init ] --START--
INFO: Run Behavior\BuildLiteBehavior [ RunTime:0.000000s ]
INFO: [ app_init ] --END-- [ RunTime:0.001000s ]

[ 2016-05-31T00:14:13+08:00 ] 127.0.0.1 /Public/upload/Uploads/2016-04-18/5714d03b766e8.jpg
INFO: [ app_init ] --START--
INFO: Run Behavior\BuildLiteBehavior [ RunTime:0.000000s ]
INFO: [ app_init ] --END-- [ RunTime:0.001001s ]

[ 2016-05-31T00:14:14+08:00 ] 127.0.0.1 /Public/upload/Uploads/2016-04-18/5714d03b766e8.jpg
INFO: [ app_init ] --START--
INFO: Run Behavior\BuildLiteBehavior [ RunTime:0.000000s ]
INFO: [ app_init ] --END-- [ RunTime:0.001000s ]

[ 2016-05-31T00:14:16+08:00 ] 127.0.0.1 /Public/upload/Uploads/2016-04-18/5714d03b766e8.jpg
INFO: [ app_init ] --START--
INFO: Run Behavior\BuildLiteBehavior [ RunTime:0.000000s ]
INFO: [ app_init ] --END-- [ RunTime:0.002000s ]

[ 2016-05-31T00:14:17+08:00 ] 127.0.0.1 /Public/upload/Uploads/2016-04-18/5714d03b766e8.jpg
INFO: [ app_init ] --START--
INFO: Run Behavior\BuildLiteBehavior [ RunTime:0.000000s ]
INFO: [ app_init ] --END-- [ RunTime:0.001000s ]

[ 2016-05-31T00:14:39+08:00 ] 127.0.0.1 /Public/upload/Uploads/2016-04-18/5714d03b766e8.jpg
INFO: [ app_init ] --START--
INFO: Run Behavior\BuildLiteBehavior [ RunTime:0.000000s ]
INFO: [ app_init ] --END-- [ RunTime:0.001000s ]

[ 2016-05-31T00:14:47+08:00 ] 127.0.0.1 /Public/upload/Uploads/2016-04-18/5714d03b766e8.jpg
INFO: [ app_init ] --START--
INFO: Run Behavior\BuildLiteBehavior [ RunTime:0.000000s ]
INFO: [ app_init ] --END-- [ RunTime:0.001000s ]

[ 2016-05-31T00:14:49+08:00 ] 127.0.0.1 /Public/upload/Public/images/200905/thumb_img/13_thumb_G_1241968002527.jpg
INFO: [ app_init ] --START--
INFO: Run Behavior\BuildLiteBehavior [ RunTime:0.000000s ]
INFO: [ app_init ] --END-- [ RunTime:0.002000s ]

[ 2016-05-31T00:14:49+08:00 ] 127.0.0.1 /Public/upload/Public/Home/images/200905/thumb_img/10_thumb_G_1242973436403.jpg
INFO: [ app_init ] --START--
INFO: Run Behavior\BuildLiteBehavior [ RunTime:0.000000s ]
INFO: [ app_init ] --END-- [ RunTime:0.007000s ]

[ 2016-05-31T00:14:49+08:00 ] 127.0.0.1 /Public/upload/Uploads/thumb/5714d03b766e8.jpg
INFO: [ app_init ] --START--
INFO: Run Behavior\BuildLiteBehavior [ RunTime:0.000000s ]
INFO: [ app_init ] --END-- [ RunTime:0.002000s ]

[ 2016-05-31T00:14:49+08:00 ] 127.0.0.1 /Public/upload/Uploads/2016-04-18/5714d03b766e8.jpg
INFO: [ app_init ] --START--
INFO: Run Behavior\BuildLiteBehavior [ RunTime:0.000000s ]
INFO: [ app_init ] --END-- [ RunTime:0.003000s ]

[ 2016-05-31T00:14:49+08:00 ] 127.0.0.1 /Public/upload//Public/images/200905/thumb_img/12_thumb_G_1241965978410.jpg
INFO: [ app_init ] --START--
INFO: Run Behavior\BuildLiteBehavior [ RunTime:0.000000s ]
INFO: [ app_init ] --END-- [ RunTime:0.001000s ]

[ 2016-05-31T00:14:49+08:00 ] 127.0.0.1 /Public/upload//Public/images/200905/thumb_img/19_thumb_G_1241970175208.jpg
INFO: [ app_init ] --START--
INFO: Run Behavior\BuildLiteBehavior [ RunTime:0.000000s ]
INFO: [ app_init ] --END-- [ RunTime:0.127007s ]

[ 2016-05-31T00:14:49+08:00 ] 127.0.0.1 /Public/upload//Public/images/200905/thumb_img/20_thumb_G_1242106490058.jpg
INFO: [ app_init ] --START--
INFO: Run Behavior\BuildLiteBehavior [ RunTime:0.000000s ]
INFO: [ app_init ] --END-- [ RunTime:0.002000s ]

[ 2016-05-31T00:14:55+08:00 ] 127.0.0.1 /Public/upload/Uploads/2016-04-18/5714d03b766e8.jpg
INFO: [ app_init ] --START--
INFO: Run Behavior\BuildLiteBehavior [ RunTime:0.000000s ]
INFO: [ app_init ] --END-- [ RunTime:0.002000s ]

[ 2016-05-31T00:14:56+08:00 ] 127.0.0.1 /Public/upload/Uploads/2016-04-18/5714d03b766e8.jpg
INFO: [ app_init ] --START--
INFO: Run Behavior\BuildLiteBehavior [ RunTime:0.000000s ]
INFO: [ app_init ] --END-- [ RunTime:0.001000s ]

[ 2016-05-31T00:15:13+08:00 ] 127.0.0.1 /Public/upload/Uploads/2016-04-18/5714d03b766e8.jpg
INFO: [ app_init ] --START--
INFO: Run Behavior\BuildLiteBehavior [ RunTime:0.000000s ]
INFO: [ app_init ] --END-- [ RunTime:0.001000s ]

[ 2016-05-31T00:15:13+08:00 ] 127.0.0.1 /Public/upload/Uploads/2016-04-18/5714d03b766e8.jpg
INFO: [ app_init ] --START--
INFO: Run Behavior\BuildLiteBehavior [ RunTime:0.000000s ]
INFO: [ app_init ] --END-- [ RunTime:0.002000s ]

[ 2016-05-31T00:15:15+08:00 ] 127.0.0.1 /Public/upload/Uploads/2016-04-18/5714d03b766e8.jpg
INFO: [ app_init ] --START--
INFO: Run Behavior\BuildLiteBehavior [ RunTime:0.000000s ]
INFO: [ app_init ] --END-- [ RunTime:0.001000s ]

[ 2016-05-31T00:15:19+08:00 ] 127.0.0.1 /Public/upload/Uploads/2016-04-18/5714d03b766e8.jpg
INFO: [ app_init ] --START--
INFO: Run Behavior\BuildLiteBehavior [ RunTime:0.000000s ]
INFO: [ app_init ] --END-- [ RunTime:0.001000s ]

[ 2016-05-31T00:15:24+08:00 ] 127.0.0.1 /Public/upload/Uploads/2016-04-18/5714d03b766e8.jpg
INFO: [ app_init ] --START--
INFO: Run Behavior\BuildLiteBehavior [ RunTime:0.000000s ]
INFO: [ app_init ] --END-- [ RunTime:0.002001s ]

[ 2016-05-31T00:15:25+08:00 ] 127.0.0.1 /Public/upload/Uploads/2016-04-18/5714d03b766e8.jpg
INFO: [ app_init ] --START--
INFO: Run Behavior\BuildLiteBehavior [ RunTime:0.000000s ]
INFO: [ app_init ] --END-- [ RunTime:0.001000s ]

[ 2016-05-31T00:16:10+08:00 ] 127.0.0.1 /Public/upload/Uploads/2016-04-18/5714d03b766e8.jpg
INFO: [ app_init ] --START--
INFO: Run Behavior\BuildLiteBehavior [ RunTime:0.000000s ]
INFO: [ app_init ] --END-- [ RunTime:0.001000s ]

[ 2016-05-31T00:16:11+08:00 ] 127.0.0.1 /Public/upload/Uploads/thumb/5714d03b766e8.jpg
INFO: [ app_init ] --START--
INFO: Run Behavior\BuildLiteBehavior [ RunTime:0.000000s ]
INFO: [ app_init ] --END-- [ RunTime:0.001000s ]

