[ 2016-05-30T23:58:06+08:00 ] 127.0.0.1 /
INFO: [ app_init ] --START--
INFO: Run Behavior\BuildLiteBehavior [ RunTime:0.000022s ]
INFO: [ app_init ] --END-- [ RunTime:0.001958s ]
INFO: [ app_begin ] --START--
INFO: Run Behavior\ReadHtmlCacheBehavior [ RunTime:0.019155s ]
INFO: [ app_begin ] --END-- [ RunTime:0.019266s ]
SQL: SHOW COLUMNS FROM `goods` [ RunTime:0.0809s ]
SQL: SELECT `goods_id`,`goods_sn`,`goods_name`,`shop_price`,`goods_brief`,`thumb_img` FROM `goods` WHERE ( is_hot=1 ) LIMIT 0,3   [ RunTime:0.0005s ]
SQL: SELECT `goods_id`,`goods_sn`,`goods_name`,`shop_price`,`goods_brief`,`thumb_img` FROM `goods` WHERE ( is_best=1 ) LIMIT 0,3   [ RunTime:0.0003s ]
SQL: SELECT `goods_id`,`goods_sn`,`goods_name`,`shop_price`,`goods_brief`,`thumb_img` FROM `goods` WHERE ( is_new=1 ) LIMIT 0,3   [ RunTime:0.0005s ]
SQL: SHOW COLUMNS FROM `cat` [ RunTime:0.0267s ]
SQL: SELECT * FROM `cat`  [ RunTime:0.0005s ]
NOTIC: [2] array_reverse() expects parameter 1 to be array, null given E:\www\tpshop\Home\Controller\IndexController.class.php 第 25 行.
INFO: [ view_parse ] --START--
INFO: [ template_filter ] --START--
INFO: Run Behavior\ContentReplaceBehavior [ RunTime:0.000217s ]
INFO: [ template_filter ] --END-- [ RunTime:0.000308s ]
NOTIC: [8] Use of undefined constant cat_id - assumed 'cat_id' E:\www\tpshop\Runtime\Cache\Home\a1743616db58e4253bc5b81c0b1ce7d1.php 第 177 行.
NOTIC: [8] Use of undefined constant cat_id - assumed 'cat_id' E:\www\tpshop\Runtime\Cache\Home\a1743616db58e4253bc5b81c0b1ce7d1.php 第 177 行.
NOTIC: [8] Use of undefined constant cat_id - assumed 'cat_id' E:\www\tpshop\Runtime\Cache\Home\a1743616db58e4253bc5b81c0b1ce7d1.php 第 177 行.
NOTIC: [8] Use of undefined constant cat_id - assumed 'cat_id' E:\www\tpshop\Runtime\Cache\Home\a1743616db58e4253bc5b81c0b1ce7d1.php 第 177 行.
NOTIC: [8] Use of undefined constant cat_id - assumed 'cat_id' E:\www\tpshop\Runtime\Cache\Home\a1743616db58e4253bc5b81c0b1ce7d1.php 第 177 行.
NOTIC: [8] Use of undefined constant cat_id - assumed 'cat_id' E:\www\tpshop\Runtime\Cache\Home\a1743616db58e4253bc5b81c0b1ce7d1.php 第 177 行.
NOTIC: [8] Use of undefined constant cat_id - assumed 'cat_id' E:\www\tpshop\Runtime\Cache\Home\a1743616db58e4253bc5b81c0b1ce7d1.php 第 177 行.
NOTIC: [8] Use of undefined constant cat_id - assumed 'cat_id' E:\www\tpshop\Runtime\Cache\Home\a1743616db58e4253bc5b81c0b1ce7d1.php 第 177 行.
NOTIC: [8] Use of undefined constant cat_id - assumed 'cat_id' E:\www\tpshop\Runtime\Cache\Home\a1743616db58e4253bc5b81c0b1ce7d1.php 第 177 行.
NOTIC: [8] Use of undefined constant cat_id - assumed 'cat_id' E:\www\tpshop\Runtime\Cache\Home\a1743616db58e4253bc5b81c0b1ce7d1.php 第 177 行.
NOTIC: [8] Use of undefined constant cat_id - assumed 'cat_id' E:\www\tpshop\Runtime\Cache\Home\a1743616db58e4253bc5b81c0b1ce7d1.php 第 177 行.
NOTIC: [8] Use of undefined constant cat_id - assumed 'cat_id' E:\www\tpshop\Runtime\Cache\Home\a1743616db58e4253bc5b81c0b1ce7d1.php 第 177 行.
NOTIC: [8] Use of undefined constant cat_id - assumed 'cat_id' E:\www\tpshop\Runtime\Cache\Home\a1743616db58e4253bc5b81c0b1ce7d1.php 第 177 行.
NOTIC: [8] Use of undefined constant cat_id - assumed 'cat_id' E:\www\tpshop\Runtime\Cache\Home\a1743616db58e4253bc5b81c0b1ce7d1.php 第 177 行.
NOTIC: [8] Use of undefined constant cat_id - assumed 'cat_id' E:\www\tpshop\Runtime\Cache\Home\a1743616db58e4253bc5b81c0b1ce7d1.php 第 177 行.
NOTIC: [8] Use of undefined constant cat_id - assumed 'cat_id' E:\www\tpshop\Runtime\Cache\Home\a1743616db58e4253bc5b81c0b1ce7d1.php 第 177 行.
NOTIC: [8] Use of undefined constant cat_id - assumed 'cat_id' E:\www\tpshop\Runtime\Cache\Home\a1743616db58e4253bc5b81c0b1ce7d1.php 第 177 行.
NOTIC: [8] Use of undefined constant cat_id - assumed 'cat_id' E:\www\tpshop\Runtime\Cache\Home\a1743616db58e4253bc5b81c0b1ce7d1.php 第 177 行.
NOTIC: [8] Use of undefined constant cat_id - assumed 'cat_id' E:\www\tpshop\Runtime\Cache\Home\a1743616db58e4253bc5b81c0b1ce7d1.php 第 177 行.
NOTIC: [8] Use of undefined constant cat_id - assumed 'cat_id' E:\www\tpshop\Runtime\Cache\Home\a1743616db58e4253bc5b81c0b1ce7d1.php 第 177 行.
NOTIC: [8] Use of undefined constant cat_id - assumed 'cat_id' E:\www\tpshop\Runtime\Cache\Home\a1743616db58e4253bc5b81c0b1ce7d1.php 第 177 行.
NOTIC: [8] Use of undefined constant cat_id - assumed 'cat_id' E:\www\tpshop\Runtime\Cache\Home\a1743616db58e4253bc5b81c0b1ce7d1.php 第 177 行.
NOTIC: [8] Use of undefined constant cat_id - assumed 'cat_id' E:\www\tpshop\Runtime\Cache\Home\a1743616db58e4253bc5b81c0b1ce7d1.php 第 177 行.
NOTIC: [8] Use of undefined constant cat_id - assumed 'cat_id' E:\www\tpshop\Runtime\Cache\Home\a1743616db58e4253bc5b81c0b1ce7d1.php 第 177 行.
NOTIC: [8] Use of undefined constant cat_id - assumed 'cat_id' E:\www\tpshop\Runtime\Cache\Home\a1743616db58e4253bc5b81c0b1ce7d1.php 第 177 行.
NOTIC: [8] Use of undefined constant cat_id - assumed 'cat_id' E:\www\tpshop\Runtime\Cache\Home\a1743616db58e4253bc5b81c0b1ce7d1.php 第 177 行.
NOTIC: [8] Use of undefined constant cat_id - assumed 'cat_id' E:\www\tpshop\Runtime\Cache\Home\a1743616db58e4253bc5b81c0b1ce7d1.php 第 177 行.
NOTIC: [8] Use of undefined constant cat_id - assumed 'cat_id' E:\www\tpshop\Runtime\Cache\Home\a1743616db58e4253bc5b81c0b1ce7d1.php 第 177 行.
NOTIC: [8] Use of undefined constant cat_id - assumed 'cat_id' E:\www\tpshop\Runtime\Cache\Home\a1743616db58e4253bc5b81c0b1ce7d1.php 第 177 行.
NOTIC: [8] Use of undefined constant cat_id - assumed 'cat_id' E:\www\tpshop\Runtime\Cache\Home\a1743616db58e4253bc5b81c0b1ce7d1.php 第 177 行.
NOTIC: [8] Use of undefined constant cat_id - assumed 'cat_id' E:\www\tpshop\Runtime\Cache\Home\a1743616db58e4253bc5b81c0b1ce7d1.php 第 177 行.
NOTIC: [8] Use of undefined constant cat_id - assumed 'cat_id' E:\www\tpshop\Runtime\Cache\Home\a1743616db58e4253bc5b81c0b1ce7d1.php 第 177 行.
NOTIC: [8] Use of undefined constant cat_id - assumed 'cat_id' E:\www\tpshop\Runtime\Cache\Home\a1743616db58e4253bc5b81c0b1ce7d1.php 第 177 行.
NOTIC: [8] Use of undefined constant cat_id - assumed 'cat_id' E:\www\tpshop\Runtime\Cache\Home\a1743616db58e4253bc5b81c0b1ce7d1.php 第 177 行.
NOTIC: [8] Use of undefined constant cat_id - assumed 'cat_id' E:\www\tpshop\Runtime\Cache\Home\a1743616db58e4253bc5b81c0b1ce7d1.php 第 177 行.
NOTIC: [8] Use of undefined constant cat_id - assumed 'cat_id' E:\www\tpshop\Runtime\Cache\Home\a1743616db58e4253bc5b81c0b1ce7d1.php 第 177 行.
NOTIC: [8] Use of undefined constant cat_id - assumed 'cat_id' E:\www\tpshop\Runtime\Cache\Home\a1743616db58e4253bc5b81c0b1ce7d1.php 第 177 行.
NOTIC: [8] Use of undefined constant cat_id - assumed 'cat_id' E:\www\tpshop\Runtime\Cache\Home\a1743616db58e4253bc5b81c0b1ce7d1.php 第 177 行.
NOTIC: [8] Use of undefined constant cat_id - assumed 'cat_id' E:\www\tpshop\Runtime\Cache\Home\a1743616db58e4253bc5b81c0b1ce7d1.php 第 177 行.
NOTIC: [8] Use of undefined constant cat_id - assumed 'cat_id' E:\www\tpshop\Runtime\Cache\Home\a1743616db58e4253bc5b81c0b1ce7d1.php 第 177 行.
NOTIC: [8] Use of undefined constant cat_id - assumed 'cat_id' E:\www\tpshop\Runtime\Cache\Home\a1743616db58e4253bc5b81c0b1ce7d1.php 第 177 行.
NOTIC: [8] Use of undefined constant cat_id - assumed 'cat_id' E:\www\tpshop\Runtime\Cache\Home\a1743616db58e4253bc5b81c0b1ce7d1.php 第 177 行.
NOTIC: [8] Use of undefined constant cat_id - assumed 'cat_id' E:\www\tpshop\Runtime\Cache\Home\a1743616db58e4253bc5b81c0b1ce7d1.php 第 177 行.
NOTIC: [8] Use of undefined constant cat_id - assumed 'cat_id' E:\www\tpshop\Runtime\Cache\Home\a1743616db58e4253bc5b81c0b1ce7d1.php 第 177 行.
NOTIC: [8] Use of undefined constant cat_id - assumed 'cat_id' E:\www\tpshop\Runtime\Cache\Home\a1743616db58e4253bc5b81c0b1ce7d1.php 第 177 行.
INFO: Run Behavior\ParseTemplateBehavior [ RunTime:0.289578s ]
INFO: [ view_parse ] --END-- [ RunTime:0.289659s ]
INFO: [ view_filter ] --START--
INFO: Run Behavior\WriteHtmlCacheBehavior [ RunTime:0.013000s ]
INFO: [ view_filter ] --END-- [ RunTime:0.013334s ]
INFO: [ app_end ] --START--
INFO: Run Behavior\ShowPageTraceBehavior [ RunTime:0.014087s ]
INFO: [ app_end ] --END-- [ RunTime:0.014193s ]

[ 2016-05-30T23:58:16+08:00 ] 127.0.0.1 /index.php/Home/Index/goods/goods_id/1.html
INFO: [ app_init ] --START--
INFO: Run Behavior\BuildLiteBehavior [ RunTime:0.000025s ]
INFO: [ app_init ] --END-- [ RunTime:0.000810s ]
INFO: [ app_begin ] --START--
INFO: Run Behavior\ReadHtmlCacheBehavior [ RunTime:0.001039s ]
INFO: [ app_begin ] --END-- [ RunTime:0.001198s ]
SQL: SHOW COLUMNS FROM `goods` [ RunTime:0.0567s ]
SQL: SELECT * FROM `goods` WHERE `goods_id` = 1 LIMIT 1   [ RunTime:0.0021s ]
SQL: SHOW COLUMNS FROM `comment` [ RunTime:0.0597s ]
SQL: SELECT * FROM `comment` WHERE ( 1=1 AND goods_id='1' )  [ RunTime:0.0024s ]
INFO: [ view_parse ] --START--
INFO: [ template_filter ] --START--
INFO: Run Behavior\ContentReplaceBehavior [ RunTime:0.000290s ]
INFO: [ template_filter ] --END-- [ RunTime:0.000381s ]
INFO: Run Behavior\ParseTemplateBehavior [ RunTime:0.146392s ]
INFO: [ view_parse ] --END-- [ RunTime:0.146483s ]
INFO: [ view_filter ] --START--
INFO: Run Behavior\WriteHtmlCacheBehavior [ RunTime:0.001642s ]
INFO: [ view_filter ] --END-- [ RunTime:0.001711s ]
INFO: [ app_end ] --START--
INFO: Run Behavior\ShowPageTraceBehavior [ RunTime:0.002040s ]
INFO: [ app_end ] --END-- [ RunTime:0.002173s ]

[ 2016-05-30T23:58:16+08:00 ] 127.0.0.1 /index.php/Home/Index/goods/goods_id/view/js/common.js
INFO: [ app_init ] --START--
INFO: Run Behavior\BuildLiteBehavior [ RunTime:0.000022s ]
INFO: [ app_init ] --END-- [ RunTime:0.000948s ]
INFO: [ app_begin ] --START--
INFO: Run Behavior\ReadHtmlCacheBehavior [ RunTime:0.010187s ]
INFO: [ app_begin ] --END-- [ RunTime:0.010308s ]
SQL: SHOW COLUMNS FROM `goods` [ RunTime:0.0291s ]
SQL: SELECT * FROM `goods` WHERE `goods_id` = 0 LIMIT 1   [ RunTime:0.0008s ]

[ 2016-05-30T23:58:16+08:00 ] 127.0.0.1 /index.php/Home/Index/index.html
INFO: [ app_init ] --START--
INFO: Run Behavior\BuildLiteBehavior [ RunTime:0.000021s ]
INFO: [ app_init ] --END-- [ RunTime:0.000835s ]
INFO: [ app_begin ] --START--
INFO: Run Behavior\ReadHtmlCacheBehavior [ RunTime:0.001062s ]
INFO: [ app_begin ] --END-- [ RunTime:0.001158s ]
SQL: SHOW COLUMNS FROM `goods` [ RunTime:0.0090s ]
SQL: SELECT `goods_id`,`goods_sn`,`goods_name`,`shop_price`,`goods_brief`,`thumb_img` FROM `goods` WHERE ( is_hot=1 ) LIMIT 0,3   [ RunTime:0.0006s ]
SQL: SELECT `goods_id`,`goods_sn`,`goods_name`,`shop_price`,`goods_brief`,`thumb_img` FROM `goods` WHERE ( is_best=1 ) LIMIT 0,3   [ RunTime:0.0003s ]
SQL: SELECT `goods_id`,`goods_sn`,`goods_name`,`shop_price`,`goods_brief`,`thumb_img` FROM `goods` WHERE ( is_new=1 ) LIMIT 0,3   [ RunTime:0.0003s ]
SQL: SHOW COLUMNS FROM `cat` [ RunTime:0.0138s ]
SQL: SELECT * FROM `cat`  [ RunTime:0.0005s ]
INFO: [ view_parse ] --START--
INFO: [ template_filter ] --START--
INFO: Run Behavior\ContentReplaceBehavior [ RunTime:0.000216s ]
INFO: [ template_filter ] --END-- [ RunTime:0.000303s ]
NOTIC: [8] Use of undefined constant cat_id - assumed 'cat_id' E:\www\tpshop\Runtime\Cache\Home\a1743616db58e4253bc5b81c0b1ce7d1.php 第 177 行.
NOTIC: [8] Use of undefined constant cat_id - assumed 'cat_id' E:\www\tpshop\Runtime\Cache\Home\a1743616db58e4253bc5b81c0b1ce7d1.php 第 177 行.
NOTIC: [8] Use of undefined constant cat_id - assumed 'cat_id' E:\www\tpshop\Runtime\Cache\Home\a1743616db58e4253bc5b81c0b1ce7d1.php 第 177 行.
NOTIC: [8] Use of undefined constant cat_id - assumed 'cat_id' E:\www\tpshop\Runtime\Cache\Home\a1743616db58e4253bc5b81c0b1ce7d1.php 第 177 行.
NOTIC: [8] Use of undefined constant cat_id - assumed 'cat_id' E:\www\tpshop\Runtime\Cache\Home\a1743616db58e4253bc5b81c0b1ce7d1.php 第 177 行.
NOTIC: [8] Use of undefined constant cat_id - assumed 'cat_id' E:\www\tpshop\Runtime\Cache\Home\a1743616db58e4253bc5b81c0b1ce7d1.php 第 177 行.
NOTIC: [8] Use of undefined constant cat_id - assumed 'cat_id' E:\www\tpshop\Runtime\Cache\Home\a1743616db58e4253bc5b81c0b1ce7d1.php 第 177 行.
NOTIC: [8] Use of undefined constant cat_id - assumed 'cat_id' E:\www\tpshop\Runtime\Cache\Home\a1743616db58e4253bc5b81c0b1ce7d1.php 第 177 行.
NOTIC: [8] Use of undefined constant cat_id - assumed 'cat_id' E:\www\tpshop\Runtime\Cache\Home\a1743616db58e4253bc5b81c0b1ce7d1.php 第 177 行.
NOTIC: [8] Use of undefined constant cat_id - assumed 'cat_id' E:\www\tpshop\Runtime\Cache\Home\a1743616db58e4253bc5b81c0b1ce7d1.php 第 177 行.
NOTIC: [8] Use of undefined constant cat_id - assumed 'cat_id' E:\www\tpshop\Runtime\Cache\Home\a1743616db58e4253bc5b81c0b1ce7d1.php 第 177 行.
NOTIC: [8] Use of undefined constant cat_id - assumed 'cat_id' E:\www\tpshop\Runtime\Cache\Home\a1743616db58e4253bc5b81c0b1ce7d1.php 第 177 行.
NOTIC: [8] Use of undefined constant cat_id - assumed 'cat_id' E:\www\tpshop\Runtime\Cache\Home\a1743616db58e4253bc5b81c0b1ce7d1.php 第 177 行.
NOTIC: [8] Use of undefined constant cat_id - assumed 'cat_id' E:\www\tpshop\Runtime\Cache\Home\a1743616db58e4253bc5b81c0b1ce7d1.php 第 177 行.
NOTIC: [8] Use of undefined constant cat_id - assumed 'cat_id' E:\www\tpshop\Runtime\Cache\Home\a1743616db58e4253bc5b81c0b1ce7d1.php 第 177 行.
NOTIC: [8] Use of undefined constant cat_id - assumed 'cat_id' E:\www\tpshop\Runtime\Cache\Home\a1743616db58e4253bc5b81c0b1ce7d1.php 第 177 行.
NOTIC: [8] Use of undefined constant cat_id - assumed 'cat_id' E:\www\tpshop\Runtime\Cache\Home\a1743616db58e4253bc5b81c0b1ce7d1.php 第 177 行.
NOTIC: [8] Use of undefined constant cat_id - assumed 'cat_id' E:\www\tpshop\Runtime\Cache\Home\a1743616db58e4253bc5b81c0b1ce7d1.php 第 177 行.
NOTIC: [8] Use of undefined constant cat_id - assumed 'cat_id' E:\www\tpshop\Runtime\Cache\Home\a1743616db58e4253bc5b81c0b1ce7d1.php 第 177 行.
NOTIC: [8] Use of undefined constant cat_id - assumed 'cat_id' E:\www\tpshop\Runtime\Cache\Home\a1743616db58e4253bc5b81c0b1ce7d1.php 第 177 行.
NOTIC: [8] Use of undefined constant cat_id - assumed 'cat_id' E:\www\tpshop\Runtime\Cache\Home\a1743616db58e4253bc5b81c0b1ce7d1.php 第 177 行.
NOTIC: [8] Use of undefined constant cat_id - assumed 'cat_id' E:\www\tpshop\Runtime\Cache\Home\a1743616db58e4253bc5b81c0b1ce7d1.php 第 177 行.
NOTIC: [8] Use of undefined constant cat_id - assumed 'cat_id' E:\www\tpshop\Runtime\Cache\Home\a1743616db58e4253bc5b81c0b1ce7d1.php 第 177 行.
NOTIC: [8] Use of undefined constant cat_id - assumed 'cat_id' E:\www\tpshop\Runtime\Cache\Home\a1743616db58e4253bc5b81c0b1ce7d1.php 第 177 行.
NOTIC: [8] Use of undefined constant cat_id - assumed 'cat_id' E:\www\tpshop\Runtime\Cache\Home\a1743616db58e4253bc5b81c0b1ce7d1.php 第 177 行.
NOTIC: [8] Use of undefined constant cat_id - assumed 'cat_id' E:\www\tpshop\Runtime\Cache\Home\a1743616db58e4253bc5b81c0b1ce7d1.php 第 177 行.
NOTIC: [8] Use of undefined constant cat_id - assumed 'cat_id' E:\www\tpshop\Runtime\Cache\Home\a1743616db58e4253bc5b81c0b1ce7d1.php 第 177 行.
NOTIC: [8] Use of undefined constant cat_id - assumed 'cat_id' E:\www\tpshop\Runtime\Cache\Home\a1743616db58e4253bc5b81c0b1ce7d1.php 第 177 行.
NOTIC: [8] Use of undefined constant cat_id - assumed 'cat_id' E:\www\tpshop\Runtime\Cache\Home\a1743616db58e4253bc5b81c0b1ce7d1.php 第 177 行.
NOTIC: [8] Use of undefined constant cat_id - assumed 'cat_id' E:\www\tpshop\Runtime\Cache\Home\a1743616db58e4253bc5b81c0b1ce7d1.php 第 177 行.
NOTIC: [8] Use of undefined constant cat_id - assumed 'cat_id' E:\www\tpshop\Runtime\Cache\Home\a1743616db58e4253bc5b81c0b1ce7d1.php 第 177 行.
NOTIC: [8] Use of undefined constant cat_id - assumed 'cat_id' E:\www\tpshop\Runtime\Cache\Home\a1743616db58e4253bc5b81c0b1ce7d1.php 第 177 行.
NOTIC: [8] Use of undefined constant cat_id - assumed 'cat_id' E:\www\tpshop\Runtime\Cache\Home\a1743616db58e4253bc5b81c0b1ce7d1.php 第 177 行.
NOTIC: [8] Use of undefined constant cat_id - assumed 'cat_id' E:\www\tpshop\Runtime\Cache\Home\a1743616db58e4253bc5b81c0b1ce7d1.php 第 177 行.
NOTIC: [8] Use of undefined constant cat_id - assumed 'cat_id' E:\www\tpshop\Runtime\Cache\Home\a1743616db58e4253bc5b81c0b1ce7d1.php 第 177 行.
NOTIC: [8] Use of undefined constant cat_id - assumed 'cat_id' E:\www\tpshop\Runtime\Cache\Home\a1743616db58e4253bc5b81c0b1ce7d1.php 第 177 行.
NOTIC: [8] Use of undefined constant cat_id - assumed 'cat_id' E:\www\tpshop\Runtime\Cache\Home\a1743616db58e4253bc5b81c0b1ce7d1.php 第 177 行.
NOTIC: [8] Use of undefined constant cat_id - assumed 'cat_id' E:\www\tpshop\Runtime\Cache\Home\a1743616db58e4253bc5b81c0b1ce7d1.php 第 177 行.
NOTIC: [8] Use of undefined constant cat_id - assumed 'cat_id' E:\www\tpshop\Runtime\Cache\Home\a1743616db58e4253bc5b81c0b1ce7d1.php 第 177 行.
NOTIC: [8] Use of undefined constant cat_id - assumed 'cat_id' E:\www\tpshop\Runtime\Cache\Home\a1743616db58e4253bc5b81c0b1ce7d1.php 第 177 行.
NOTIC: [8] Use of undefined constant cat_id - assumed 'cat_id' E:\www\tpshop\Runtime\Cache\Home\a1743616db58e4253bc5b81c0b1ce7d1.php 第 177 行.
NOTIC: [8] Use of undefined constant cat_id - assumed 'cat_id' E:\www\tpshop\Runtime\Cache\Home\a1743616db58e4253bc5b81c0b1ce7d1.php 第 177 行.
NOTIC: [8] Use of undefined constant cat_id - assumed 'cat_id' E:\www\tpshop\Runtime\Cache\Home\a1743616db58e4253bc5b81c0b1ce7d1.php 第 177 行.
NOTIC: [8] Use of undefined constant cat_id - assumed 'cat_id' E:\www\tpshop\Runtime\Cache\Home\a1743616db58e4253bc5b81c0b1ce7d1.php 第 177 行.
NOTIC: [8] Use of undefined constant cat_id - assumed 'cat_id' E:\www\tpshop\Runtime\Cache\Home\a1743616db58e4253bc5b81c0b1ce7d1.php 第 177 行.
INFO: Run Behavior\ParseTemplateBehavior [ RunTime:0.152859s ]
INFO: [ view_parse ] --END-- [ RunTime:0.153076s ]
INFO: [ view_filter ] --START--
INFO: Run Behavior\WriteHtmlCacheBehavior [ RunTime:0.005548s ]
INFO: [ view_filter ] --END-- [ RunTime:0.005642s ]
INFO: [ app_end ] --START--
INFO: Run Behavior\ShowPageTraceBehavior [ RunTime:0.001666s ]
INFO: [ app_end ] --END-- [ RunTime:0.001778s ]

[ 2016-05-30T23:58:16+08:00 ] 127.0.0.1 /index.php/Home/Index/goods/goods_id/images/ad/ads03.jpg
INFO: [ app_init ] --START--
INFO: Run Behavior\BuildLiteBehavior [ RunTime:0.000021s ]
INFO: [ app_init ] --END-- [ RunTime:0.000656s ]

[ 2016-05-30T23:58:17+08:00 ] 127.0.0.1 /index.php/Home/Index/goods/goods_id/view/js/common.js
INFO: [ app_init ] --START--
INFO: Run Behavior\BuildLiteBehavior [ RunTime:0.000018s ]
INFO: [ app_init ] --END-- [ RunTime:0.000548s ]
INFO: [ app_begin ] --START--
INFO: Run Behavior\ReadHtmlCacheBehavior [ RunTime:0.001081s ]
INFO: [ app_begin ] --END-- [ RunTime:0.001163s ]
SQL: SHOW COLUMNS FROM `goods` [ RunTime:0.0175s ]
SQL: SELECT * FROM `goods` WHERE `goods_id` = 0 LIMIT 1   [ RunTime:0.0005s ]

[ 2016-05-30T23:58:17+08:00 ] 127.0.0.1 /index.php/Home/Index/goods/goods_id/animated_favicon.gif
INFO: [ app_init ] --START--
INFO: Run Behavior\BuildLiteBehavior [ RunTime:0.000020s ]
INFO: [ app_init ] --END-- [ RunTime:0.000583s ]

[ 2016-05-30T23:58:17+08:00 ] 127.0.0.1 /index.php/Home/Index/goods/goods_id/favicon.ico
INFO: [ app_init ] --START--
INFO: Run Behavior\BuildLiteBehavior [ RunTime:0.000020s ]
INFO: [ app_init ] --END-- [ RunTime:0.000620s ]

[ 2016-05-30T23:58:17+08:00 ] 127.0.0.1 /index.php/Home/Index/index.html
INFO: [ app_init ] --START--
INFO: Run Behavior\BuildLiteBehavior [ RunTime:0.000021s ]
INFO: [ app_init ] --END-- [ RunTime:0.000613s ]
INFO: [ app_begin ] --START--
INFO: Run Behavior\ReadHtmlCacheBehavior [ RunTime:0.000929s ]
INFO: [ app_begin ] --END-- [ RunTime:0.001010s ]
SQL: SHOW COLUMNS FROM `goods` [ RunTime:0.0063s ]
SQL: SELECT `goods_id`,`goods_sn`,`goods_name`,`shop_price`,`goods_brief`,`thumb_img` FROM `goods` WHERE ( is_hot=1 ) LIMIT 0,3   [ RunTime:0.0005s ]
SQL: SELECT `goods_id`,`goods_sn`,`goods_name`,`shop_price`,`goods_brief`,`thumb_img` FROM `goods` WHERE ( is_best=1 ) LIMIT 0,3   [ RunTime:0.0003s ]
SQL: SELECT `goods_id`,`goods_sn`,`goods_name`,`shop_price`,`goods_brief`,`thumb_img` FROM `goods` WHERE ( is_new=1 ) LIMIT 0,3   [ RunTime:0.0003s ]
SQL: SHOW COLUMNS FROM `cat` [ RunTime:0.0077s ]
SQL: SELECT * FROM `cat`  [ RunTime:0.0004s ]
INFO: [ view_parse ] --START--
INFO: [ template_filter ] --START--
INFO: Run Behavior\ContentReplaceBehavior [ RunTime:0.000213s ]
INFO: [ template_filter ] --END-- [ RunTime:0.000302s ]
NOTIC: [8] Use of undefined constant cat_id - assumed 'cat_id' E:\www\tpshop\Runtime\Cache\Home\a1743616db58e4253bc5b81c0b1ce7d1.php 第 177 行.
NOTIC: [8] Use of undefined constant cat_id - assumed 'cat_id' E:\www\tpshop\Runtime\Cache\Home\a1743616db58e4253bc5b81c0b1ce7d1.php 第 177 行.
NOTIC: [8] Use of undefined constant cat_id - assumed 'cat_id' E:\www\tpshop\Runtime\Cache\Home\a1743616db58e4253bc5b81c0b1ce7d1.php 第 177 行.
NOTIC: [8] Use of undefined constant cat_id - assumed 'cat_id' E:\www\tpshop\Runtime\Cache\Home\a1743616db58e4253bc5b81c0b1ce7d1.php 第 177 行.
NOTIC: [8] Use of undefined constant cat_id - assumed 'cat_id' E:\www\tpshop\Runtime\Cache\Home\a1743616db58e4253bc5b81c0b1ce7d1.php 第 177 行.
NOTIC: [8] Use of undefined constant cat_id - assumed 'cat_id' E:\www\tpshop\Runtime\Cache\Home\a1743616db58e4253bc5b81c0b1ce7d1.php 第 177 行.
NOTIC: [8] Use of undefined constant cat_id - assumed 'cat_id' E:\www\tpshop\Runtime\Cache\Home\a1743616db58e4253bc5b81c0b1ce7d1.php 第 177 行.
NOTIC: [8] Use of undefined constant cat_id - assumed 'cat_id' E:\www\tpshop\Runtime\Cache\Home\a1743616db58e4253bc5b81c0b1ce7d1.php 第 177 行.
NOTIC: [8] Use of undefined constant cat_id - assumed 'cat_id' E:\www\tpshop\Runtime\Cache\Home\a1743616db58e4253bc5b81c0b1ce7d1.php 第 177 行.
NOTIC: [8] Use of undefined constant cat_id - assumed 'cat_id' E:\www\tpshop\Runtime\Cache\Home\a1743616db58e4253bc5b81c0b1ce7d1.php 第 177 行.
NOTIC: [8] Use of undefined constant cat_id - assumed 'cat_id' E:\www\tpshop\Runtime\Cache\Home\a1743616db58e4253bc5b81c0b1ce7d1.php 第 177 行.
NOTIC: [8] Use of undefined constant cat_id - assumed 'cat_id' E:\www\tpshop\Runtime\Cache\Home\a1743616db58e4253bc5b81c0b1ce7d1.php 第 177 行.
NOTIC: [8] Use of undefined constant cat_id - assumed 'cat_id' E:\www\tpshop\Runtime\Cache\Home\a1743616db58e4253bc5b81c0b1ce7d1.php 第 177 行.
NOTIC: [8] Use of undefined constant cat_id - assumed 'cat_id' E:\www\tpshop\Runtime\Cache\Home\a1743616db58e4253bc5b81c0b1ce7d1.php 第 177 行.
NOTIC: [8] Use of undefined constant cat_id - assumed 'cat_id' E:\www\tpshop\Runtime\Cache\Home\a1743616db58e4253bc5b81c0b1ce7d1.php 第 177 行.
NOTIC: [8] Use of undefined constant cat_id - assumed 'cat_id' E:\www\tpshop\Runtime\Cache\Home\a1743616db58e4253bc5b81c0b1ce7d1.php 第 177 行.
NOTIC: [8] Use of undefined constant cat_id - assumed 'cat_id' E:\www\tpshop\Runtime\Cache\Home\a1743616db58e4253bc5b81c0b1ce7d1.php 第 177 行.
NOTIC: [8] Use of undefined constant cat_id - assumed 'cat_id' E:\www\tpshop\Runtime\Cache\Home\a1743616db58e4253bc5b81c0b1ce7d1.php 第 177 行.
NOTIC: [8] Use of undefined constant cat_id - assumed 'cat_id' E:\www\tpshop\Runtime\Cache\Home\a1743616db58e4253bc5b81c0b1ce7d1.php 第 177 行.
NOTIC: [8] Use of undefined constant cat_id - assumed 'cat_id' E:\www\tpshop\Runtime\Cache\Home\a1743616db58e4253bc5b81c0b1ce7d1.php 第 177 行.
NOTIC: [8] Use of undefined constant cat_id - assumed 'cat_id' E:\www\tpshop\Runtime\Cache\Home\a1743616db58e4253bc5b81c0b1ce7d1.php 第 177 行.
NOTIC: [8] Use of undefined constant cat_id - assumed 'cat_id' E:\www\tpshop\Runtime\Cache\Home\a1743616db58e4253bc5b81c0b1ce7d1.php 第 177 行.
NOTIC: [8] Use of undefined constant cat_id - assumed 'cat_id' E:\www\tpshop\Runtime\Cache\Home\a1743616db58e4253bc5b81c0b1ce7d1.php 第 177 行.
NOTIC: [8] Use of undefined constant cat_id - assumed 'cat_id' E:\www\tpshop\Runtime\Cache\Home\a1743616db58e4253bc5b81c0b1ce7d1.php 第 177 行.
NOTIC: [8] Use of undefined constant cat_id - assumed 'cat_id' E:\www\tpshop\Runtime\Cache\Home\a1743616db58e4253bc5b81c0b1ce7d1.php 第 177 行.
NOTIC: [8] Use of undefined constant cat_id - assumed 'cat_id' E:\www\tpshop\Runtime\Cache\Home\a1743616db58e4253bc5b81c0b1ce7d1.php 第 177 行.
NOTIC: [8] Use of undefined constant cat_id - assumed 'cat_id' E:\www\tpshop\Runtime\Cache\Home\a1743616db58e4253bc5b81c0b1ce7d1.php 第 177 行.
NOTIC: [8] Use of undefined constant cat_id - assumed 'cat_id' E:\www\tpshop\Runtime\Cache\Home\a1743616db58e4253bc5b81c0b1ce7d1.php 第 177 行.
NOTIC: [8] Use of undefined constant cat_id - assumed 'cat_id' E:\www\tpshop\Runtime\Cache\Home\a1743616db58e4253bc5b81c0b1ce7d1.php 第 177 行.
NOTIC: [8] Use of undefined constant cat_id - assumed 'cat_id' E:\www\tpshop\Runtime\Cache\Home\a1743616db58e4253bc5b81c0b1ce7d1.php 第 177 行.
NOTIC: [8] Use of undefined constant cat_id - assumed 'cat_id' E:\www\tpshop\Runtime\Cache\Home\a1743616db58e4253bc5b81c0b1ce7d1.php 第 177 行.
NOTIC: [8] Use of undefined constant cat_id - assumed 'cat_id' E:\www\tpshop\Runtime\Cache\Home\a1743616db58e4253bc5b81c0b1ce7d1.php 第 177 行.
NOTIC: [8] Use of undefined constant cat_id - assumed 'cat_id' E:\www\tpshop\Runtime\Cache\Home\a1743616db58e4253bc5b81c0b1ce7d1.php 第 177 行.
NOTIC: [8] Use of undefined constant cat_id - assumed 'cat_id' E:\www\tpshop\Runtime\Cache\Home\a1743616db58e4253bc5b81c0b1ce7d1.php 第 177 行.
NOTIC: [8] Use of undefined constant cat_id - assumed 'cat_id' E:\www\tpshop\Runtime\Cache\Home\a1743616db58e4253bc5b81c0b1ce7d1.php 第 177 行.
NOTIC: [8] Use of undefined constant cat_id - assumed 'cat_id' E:\www\tpshop\Runtime\Cache\Home\a1743616db58e4253bc5b81c0b1ce7d1.php 第 177 行.
NOTIC: [8] Use of undefined constant cat_id - assumed 'cat_id' E:\www\tpshop\Runtime\Cache\Home\a1743616db58e4253bc5b81c0b1ce7d1.php 第 177 行.
NOTIC: [8] Use of undefined constant cat_id - assumed 'cat_id' E:\www\tpshop\Runtime\Cache\Home\a1743616db58e4253bc5b81c0b1ce7d1.php 第 177 行.
NOTIC: [8] Use of undefined constant cat_id - assumed 'cat_id' E:\www\tpshop\Runtime\Cache\Home\a1743616db58e4253bc5b81c0b1ce7d1.php 第 177 行.
NOTIC: [8] Use of undefined constant cat_id - assumed 'cat_id' E:\www\tpshop\Runtime\Cache\Home\a1743616db58e4253bc5b81c0b1ce7d1.php 第 177 行.
NOTIC: [8] Use of undefined constant cat_id - assumed 'cat_id' E:\www\tpshop\Runtime\Cache\Home\a1743616db58e4253bc5b81c0b1ce7d1.php 第 177 行.
NOTIC: [8] Use of undefined constant cat_id - assumed 'cat_id' E:\www\tpshop\Runtime\Cache\Home\a1743616db58e4253bc5b81c0b1ce7d1.php 第 177 行.
NOTIC: [8] Use of undefined constant cat_id - assumed 'cat_id' E:\www\tpshop\Runtime\Cache\Home\a1743616db58e4253bc5b81c0b1ce7d1.php 第 177 行.
NOTIC: [8] Use of undefined constant cat_id - assumed 'cat_id' E:\www\tpshop\Runtime\Cache\Home\a1743616db58e4253bc5b81c0b1ce7d1.php 第 177 行.
NOTIC: [8] Use of undefined constant cat_id - assumed 'cat_id' E:\www\tpshop\Runtime\Cache\Home\a1743616db58e4253bc5b81c0b1ce7d1.php 第 177 行.
INFO: Run Behavior\ParseTemplateBehavior [ RunTime:0.180630s ]
INFO: [ view_parse ] --END-- [ RunTime:0.180715s ]
INFO: [ view_filter ] --START--
INFO: Run Behavior\WriteHtmlCacheBehavior [ RunTime:0.000814s ]
INFO: [ view_filter ] --END-- [ RunTime:0.000887s ]
INFO: [ app_end ] --START--
INFO: Run Behavior\ShowPageTraceBehavior [ RunTime:0.003467s ]
INFO: [ app_end ] --END-- [ RunTime:0.003581s ]

[ 2016-05-30T23:58:22+08:00 ] 127.0.0.1 /index.php/Home/Flow/buy/goods_id/1.html
INFO: [ app_init ] --START--
INFO: Run Behavior\BuildLiteBehavior [ RunTime:0.000020s ]
INFO: [ app_init ] --END-- [ RunTime:0.000713s ]
INFO: [ app_begin ] --START--
INFO: Run Behavior\ReadHtmlCacheBehavior [ RunTime:0.001090s ]
INFO: [ app_begin ] --END-- [ RunTime:0.001166s ]
SQL: SHOW COLUMNS FROM `goods` [ RunTime:0.1046s ]
SQL: SELECT * FROM `goods` WHERE `goods_id` = 1 LIMIT 1   [ RunTime:0.0005s ]

[ 2016-05-30T23:58:22+08:00 ] 127.0.0.1 /index.php/Home/Flow/checkout.html
INFO: [ app_init ] --START--
INFO: Run Behavior\BuildLiteBehavior [ RunTime:0.000019s ]
INFO: [ app_init ] --END-- [ RunTime:0.000570s ]
INFO: [ app_begin ] --START--
INFO: Run Behavior\ReadHtmlCacheBehavior [ RunTime:0.001093s ]
INFO: [ app_begin ] --END-- [ RunTime:0.001202s ]
INFO: [ view_parse ] --START--
INFO: [ template_filter ] --START--
INFO: Run Behavior\ContentReplaceBehavior [ RunTime:0.000128s ]
INFO: [ template_filter ] --END-- [ RunTime:0.000213s ]
NOTIC: [8] Use of undefined constant num - assumed 'num' E:\www\tpshop\Runtime\Cache\Home\9680bcbec8b936b45eb4e3c5edc00e1e.php 第 111 行.
NOTIC: [8] Use of undefined constant shop_price - assumed 'shop_price' E:\www\tpshop\Runtime\Cache\Home\9680bcbec8b936b45eb4e3c5edc00e1e.php 第 111 行.
INFO: Run Behavior\ParseTemplateBehavior [ RunTime:0.037610s ]
INFO: [ view_parse ] --END-- [ RunTime:0.037692s ]
INFO: [ view_filter ] --START--
INFO: Run Behavior\WriteHtmlCacheBehavior [ RunTime:0.000655s ]
INFO: [ view_filter ] --END-- [ RunTime:0.000714s ]
INFO: [ app_end ] --START--
INFO: Run Behavior\ShowPageTraceBehavior [ RunTime:0.001358s ]
INFO: [ app_end ] --END-- [ RunTime:0.001448s ]

[ 2016-05-30T23:58:22+08:00 ] 127.0.0.1 /index.php/Home/Flow/animated_favicon.gif
INFO: [ app_init ] --START--
INFO: Run Behavior\BuildLiteBehavior [ RunTime:0.000019s ]
INFO: [ app_init ] --END-- [ RunTime:0.000582s ]

[ 2016-05-30T23:58:22+08:00 ] 127.0.0.1 /index.php/Home/Flow/favicon.ico
INFO: [ app_init ] --START--
INFO: Run Behavior\BuildLiteBehavior [ RunTime:0.000020s ]
INFO: [ app_init ] --END-- [ RunTime:0.000748s ]

[ 2016-05-30T23:58:24+08:00 ] 127.0.0.1 /index.php/Home/Flow/done.html
INFO: [ app_init ] --START--
INFO: Run Behavior\BuildLiteBehavior [ RunTime:0.000022s ]
INFO: [ app_init ] --END-- [ RunTime:0.000609s ]
INFO: [ app_begin ] --START--
INFO: Run Behavior\ReadHtmlCacheBehavior [ RunTime:0.001297s ]
INFO: [ app_begin ] --END-- [ RunTime:0.001400s ]
SQL: SHOW COLUMNS FROM `ordinfo` [ RunTime:0.0450s ]
SQL: SHOW COLUMNS FROM `ordgoods` [ RunTime:0.0271s ]
SQL: INSERT INTO `ordinfo` (`ord_sn`,`user_id`,`xm`,`mobile`,`address`,`note`,`money`,`ordtime`) VALUES ('201605306276','0','','','','','1388','1464623904') [ RunTime:0.0018s ]
SQL: INSERT INTO `ordgoods` (`ordinfo_id`,`goods_id`,`goods_name`,`shop_price`,`goods_num`) VALUES ('3','1','KD876','1388.00','1') [ RunTime:0.0003s ]
INFO: [ view_parse ] --START--
INFO: [ template_filter ] --START--
INFO: Run Behavior\ContentReplaceBehavior [ RunTime:0.000106s ]
INFO: [ template_filter ] --END-- [ RunTime:0.000191s ]
INFO: Run Behavior\ParseTemplateBehavior [ RunTime:0.032362s ]
INFO: [ view_parse ] --END-- [ RunTime:0.032467s ]
INFO: [ view_filter ] --START--
INFO: Run Behavior\WriteHtmlCacheBehavior [ RunTime:0.000624s ]
INFO: [ view_filter ] --END-- [ RunTime:0.000685s ]
INFO: [ app_end ] --START--
INFO: Run Behavior\ShowPageTraceBehavior [ RunTime:0.000973s ]
INFO: [ app_end ] --END-- [ RunTime:0.001042s ]

